[2026-06-27T09:55:46Z] resume batch /home/drdave/Desktop/meta/flexnetos_runner/_work/forge-loop-batch/20260627T095546Z-resume-05-10 begin
[2026-06-27T09:55:47Z] cycle 05 begin
[2026-06-27T10:00:08Z] cycle 05 fxrun_exit=0
[2026-06-27T10:00:08Z] cycle 05 branch ahead=1
[2026-06-27T10:00:11Z] PR #61 state=OPEN mergeState=BLOCKED poll=1
[2026-06-27T10:00:27Z] PR #61 state=OPEN mergeState=BLOCKED poll=2
[2026-06-27T10:00:43Z] PR #61 state=OPEN mergeState=BLOCKED poll=3
[2026-06-27T10:00:58Z] PR #61 state=MERGED mergeState=UNKNOWN poll=4
[2026-06-27T10:00:58Z] cycle 05 complete
[2026-06-27T10:00:58Z] cycle 06 begin
[2026-06-27T10:05:00Z] cycle 06 fxrun_exit=0
[2026-06-27T10:05:00Z] cycle 06 branch ahead=1
[2026-06-27T10:05:03Z] PR #62 state=OPEN mergeState=BLOCKED poll=1
[2026-06-27T10:05:19Z] PR #62 state=OPEN mergeState=BLOCKED poll=2
[2026-06-27T10:05:34Z] PR #62 state=OPEN mergeState=BLOCKED poll=3
[2026-06-27T10:05:50Z] PR #62 state=OPEN mergeState=BLOCKED poll=4
[2026-06-27T10:06:06Z] PR #62 state=MERGED mergeState=UNKNOWN poll=5
[2026-06-27T10:06:06Z] cycle 06 complete
[2026-06-27T10:06:06Z] cycle 07 begin
[2026-06-27T10:12:48Z] cycle 07 fxrun_exit=0
[2026-06-27T10:12:48Z] cycle 07 branch ahead=1
[2026-06-27T10:12:51Z] PR #63 state=OPEN mergeState=BLOCKED poll=1
[2026-06-27T10:13:06Z] PR #63 state=OPEN mergeState=BLOCKED poll=2
[2026-06-27T10:13:22Z] PR #63 state=OPEN mergeState=BLOCKED poll=3
[2026-06-27T10:13:38Z] PR #63 state=OPEN mergeState=BLOCKED poll=4
[2026-06-27T10:13:54Z] PR #63 state=OPEN mergeState=BLOCKED poll=5
[2026-06-27T10:14:09Z] PR #63 state=MERGED mergeState=UNKNOWN poll=6
[2026-06-27T10:14:09Z] cycle 07 complete
[2026-06-27T10:14:09Z] cycle 08 begin
[2026-06-27T10:17:27Z] cycle 08 fxrun_exit=0
[2026-06-27T10:17:27Z] cycle 08 branch ahead=1
[2026-06-27T10:17:30Z] PR #64 state=OPEN mergeState=BLOCKED poll=1
[2026-06-27T10:17:46Z] PR #64 state=OPEN mergeState=BLOCKED poll=2
[2026-06-27T10:18:01Z] PR #64 state=OPEN mergeState=BLOCKED poll=3
[2026-06-27T10:18:17Z] PR #64 state=OPEN mergeState=BLOCKED poll=4
[2026-06-27T10:18:33Z] PR #64 state=OPEN mergeState=BLOCKED poll=5
[2026-06-27T10:18:49Z] PR #64 state=MERGED mergeState=UNKNOWN poll=6
[2026-06-27T10:18:49Z] cycle 08 complete
[2026-06-27T10:18:49Z] cycle 09 begin
[2026-06-27T10:23:24Z] cycle 09 fxrun_exit=0
[2026-06-27T10:23:24Z] cycle 09 branch ahead=1
[2026-06-27T10:23:26Z] PR #65 state=OPEN mergeState=BLOCKED poll=1
[2026-06-27T10:23:42Z] PR #65 state=MERGED mergeState=UNKNOWN poll=2
[2026-06-27T10:23:42Z] cycle 09 complete
[2026-06-27T10:23:42Z] cycle 10 begin
[2026-06-27T10:28:58Z] cycle 10 fxrun_exit=0
[2026-06-27T10:28:58Z] cycle 10 branch ahead=1
[2026-06-27T10:29:01Z] PR #66 state=OPEN mergeState=BLOCKED poll=1
[2026-06-27T10:29:17Z] PR #66 state=OPEN mergeState=BLOCKED poll=2
[2026-06-27T10:29:33Z] PR #66 state=OPEN mergeState=BLOCKED poll=3
[2026-06-27T10:29:48Z] PR #66 state=OPEN mergeState=BLOCKED poll=4
[2026-06-27T10:30:04Z] PR #66 state=OPEN mergeState=BLOCKED poll=5
[2026-06-27T10:30:20Z] PR #66 state=OPEN mergeState=BLOCKED poll=6
[2026-06-27T10:30:36Z] PR #66 state=OPEN mergeState=BLOCKED poll=7
[2026-06-27T10:30:52Z] PR #66 state=OPEN mergeState=BLOCKED poll=8
[2026-06-27T10:31:08Z] PR #66 state=OPEN mergeState=BLOCKED poll=9
[2026-06-27T10:31:23Z] PR #66 state=OPEN mergeState=BLOCKED poll=10
[2026-06-27T10:31:39Z] PR #66 state=OPEN mergeState=BLOCKED poll=11
[2026-06-27T10:31:55Z] PR #66 state=OPEN mergeState=BLOCKED poll=12
[2026-06-27T10:32:11Z] PR #66 state=OPEN mergeState=BLOCKED poll=13
[2026-06-27T10:32:27Z] PR #66 state=OPEN mergeState=BLOCKED poll=14
[2026-06-27T10:32:43Z] PR #66 state=OPEN mergeState=BLOCKED poll=15
[2026-06-27T10:32:58Z] PR #66 state=OPEN mergeState=BLOCKED poll=16
[2026-06-27T10:33:14Z] PR #66 state=OPEN mergeState=BLOCKED poll=17
[2026-06-27T10:33:30Z] PR #66 state=OPEN mergeState=BLOCKED poll=18
[2026-06-27T10:33:46Z] PR #66 state=OPEN mergeState=BLOCKED poll=19
[2026-06-27T10:34:02Z] PR #66 state=OPEN mergeState=BLOCKED poll=20
[2026-06-27T10:34:18Z] PR #66 state=OPEN mergeState=BLOCKED poll=21
[2026-06-27T10:34:33Z] PR #66 state=OPEN mergeState=BLOCKED poll=22
[2026-06-27T10:34:49Z] PR #66 state=OPEN mergeState=BLOCKED poll=23
[2026-06-27T10:35:05Z] PR #66 state=OPEN mergeState=BLOCKED poll=24
[2026-06-27T10:35:21Z] PR #66 state=OPEN mergeState=BLOCKED poll=25
[2026-06-27T10:35:37Z] PR #66 state=OPEN mergeState=BLOCKED poll=26
[2026-06-27T10:35:52Z] PR #66 state=OPEN mergeState=BLOCKED poll=27
[2026-06-27T10:36:08Z] PR #66 state=OPEN mergeState=BLOCKED poll=28
[2026-06-27T10:36:24Z] PR #66 state=MERGED mergeState=UNKNOWN poll=29
[2026-06-27T10:36:24Z] cycle 10 complete
[2026-06-27T10:36:24Z] resume batch complete
